2021-08-12 08:49:23,469 INFO o.a.j.u.JMeterUtils: Setting Locale to en_EN
2021-08-12 08:49:23,493 INFO o.a.j.JMeter: Loading user properties from: /usr/local/Cellar/jmeter/5.3/libexec/bin/user.properties
2021-08-12 08:49:23,494 INFO o.a.j.JMeter: Loading system properties from: /usr/local/Cellar/jmeter/5.3/libexec/bin/system.properties
2021-08-12 08:49:23,495 INFO o.a.j.JMeter: Copyright (c) 1998-2020 The Apache Software Foundation
2021-08-12 08:49:23,496 INFO o.a.j.JMeter: Version 5.3
2021-08-12 08:49:23,496 INFO o.a.j.JMeter: java.version=1.8.0_232
2021-08-12 08:49:23,496 INFO o.a.j.JMeter: java.vm.name=OpenJDK 64-Bit Server VM
2021-08-12 08:49:23,496 INFO o.a.j.JMeter: os.name=Mac OS X
2021-08-12 08:49:23,496 INFO o.a.j.JMeter: os.arch=x86_64
2021-08-12 08:49:23,496 INFO o.a.j.JMeter: os.version=10.15.7
2021-08-12 08:49:23,496 INFO o.a.j.JMeter: file.encoding=UTF-8
2021-08-12 08:49:23,496 INFO o.a.j.JMeter: java.awt.headless=null
2021-08-12 08:49:23,496 INFO o.a.j.JMeter: Max memory     =1073741824
2021-08-12 08:49:23,496 INFO o.a.j.JMeter: Available Processors =16
2021-08-12 08:49:23,503 INFO o.a.j.JMeter: Default Locale=English (EN)
2021-08-12 08:49:23,503 INFO o.a.j.JMeter: JMeter  Locale=English (EN)
2021-08-12 08:49:23,503 INFO o.a.j.JMeter: JMeterHome=/usr/local/Cellar/jmeter/5.3/libexec
2021-08-12 08:49:23,503 INFO o.a.j.JMeter: user.dir  =/Users/kc683795/Projects/rally-apps/nab/committed-vs-delivered-v2
2021-08-12 08:49:23,503 INFO o.a.j.JMeter: PWD       =/Users/kc683795/Projects/rally-apps/nab/committed-vs-delivered-v2
2021-08-12 08:49:23,524 INFO o.a.j.JMeter: IP: 192.168.1.177 Name: C02Z7265LVDR FullName: 192.168.1.177
2021-08-12 08:49:23,861 INFO o.a.j.JMeter: Setting LAF to: laf:com.apple.laf.AquaLookAndFeel
2021-08-12 08:49:24,877 INFO o.a.j.JMeter: Loaded icon properties from org/apache/jmeter/images/icon.properties
2021-08-12 08:49:25,889 INFO o.j.r.JARSourceHTTP: Requesting https://jmeter-plugins.org/repo/?installID=mac_os_x-07c8f121a94fc840f5d61e12fffeb5a8-gui
2021-08-12 08:49:26,798 INFO o.j.r.PluginManager: Plugins Status: [jpgc-functions=2.1, jpgc-casutg=2.9, jpgc-dummy=0.4, jpgc-fifo=0.2, bzm-parallel=0.9, jpgc-plugins-manager=1.4, jmeter-core=5.3, jmeter-ftp=5.3, jmeter-http=5.3, jmeter-jdbc=5.3, jmeter-jms=5.3, jmeter-junit=5.3, jmeter-java=5.3, jmeter-ldap=5.3, jmeter-mail=5.3, jmeter-mongodb=5.3, jmeter-native=5.3, jmeter-tcp=5.3, jmeter-components=5.3]
2021-08-12 08:49:26,803 INFO o.j.r.PluginManagerMenuItem: Plugins Manager has upgrades: [bzm-parallel, jpgc-plugins-manager]
2021-08-12 08:49:27,044 INFO o.a.j.p.h.s.HTTPSamplerBase: Parser for text/html is org.apache.jmeter.protocol.http.parser.LagartoBasedHtmlParser
2021-08-12 08:49:27,045 INFO o.a.j.p.h.s.HTTPSamplerBase: Parser for application/xhtml+xml is org.apache.jmeter.protocol.http.parser.LagartoBasedHtmlParser
2021-08-12 08:49:27,045 INFO o.a.j.p.h.s.HTTPSamplerBase: Parser for application/xml is org.apache.jmeter.protocol.http.parser.LagartoBasedHtmlParser
2021-08-12 08:49:27,045 INFO o.a.j.p.h.s.HTTPSamplerBase: Parser for text/xml is org.apache.jmeter.protocol.http.parser.LagartoBasedHtmlParser
2021-08-12 08:49:27,045 INFO o.a.j.p.h.s.HTTPSamplerBase: Parser for text/vnd.wap.wml is org.apache.jmeter.protocol.http.parser.RegexpHTMLParser
2021-08-12 08:49:27,045 INFO o.a.j.p.h.s.HTTPSamplerBase: Parser for text/css is org.apache.jmeter.protocol.http.parser.CssParser
2021-08-12 08:50:02,652 INFO o.a.j.s.FileServer: Default base='/Users/kc683795/Projects/rally-apps/nab/committed-vs-delivered-v2'
2021-08-12 08:50:02,655 INFO o.a.j.g.a.Load: Loading file: /Users/kc683795/Projects/jmeter/jira-polling-public.jmx
2021-08-12 08:50:02,655 INFO o.a.j.s.FileServer: Set new base='/Users/kc683795/Projects/jmeter'
2021-08-12 08:50:02,778 INFO o.a.j.s.SaveService: Testplan (JMX) version: 2.2. Testlog (JTL) version: 2.2
2021-08-12 08:50:02,789 INFO o.a.j.s.SaveService: Using SaveService properties file encoding UTF-8
2021-08-12 08:50:02,790 INFO o.a.j.s.SaveService: Using SaveService properties version 5.0
2021-08-12 08:50:02,793 INFO o.a.j.s.SaveService: Loading file: /Users/kc683795/Projects/jmeter/jira-polling-public.jmx
2021-08-12 08:50:03,026 INFO o.a.j.s.SampleResult: Note: Sample TimeStamps are START times
2021-08-12 08:50:03,027 INFO o.a.j.s.SampleResult: sampleresult.default.encoding is set to ISO-8859-1
2021-08-12 08:50:03,027 INFO o.a.j.s.SampleResult: sampleresult.useNanoTime=true
2021-08-12 08:50:03,027 INFO o.a.j.s.SampleResult: sampleresult.nanoThreadSleep=5000
2021-08-12 08:50:03,438 INFO o.a.j.s.FileServer: Set new base='/Users/kc683795/Projects/jmeter'
